2025-06-21 23:09:05 - Database connection failed: SQLSTATE[HY000] [1045] Access denied for user 'your_username'@'localhost' (using password: YES)
2025-06-22 06:56:09 - Database connection failed: SQLSTATE[HY000] [1045] Access denied for user '9A7sR#0VP6(D8#l('@'localhost' (using password: YES)
2025-06-22 07:08:45 - SelectOne query failed: SQLSTATE[42S02]: Base table or view not found: 1146 Table 'dbdelfhoorjeuh.jobs' doesn't exist
2025-06-22 07:08:45 - SelectOne query failed: SQLSTATE[42S02]: Base table or view not found: 1146 Table 'dbdelfhoorjeuh.jobs' doesn't exist
2025-06-22 07:08:45 - SelectOne query failed: SQLSTATE[42S02]: Base table or view not found: 1146 Table 'dbdelfhoorjeuh.bookings' doesn't exist
2025-06-22 07:08:45 - SelectOne query failed: SQLSTATE[42S02]: Base table or view not found: 1146 Table 'dbdelfhoorjeuh.bookings' doesn't exist
2025-06-22 07:08:45 - SelectOne query failed: SQLSTATE[42S02]: Base table or view not found: 1146 Table 'dbdelfhoorjeuh.contacts' doesn't exist
2025-06-22 07:08:45 - SelectOne query failed: SQLSTATE[42S02]: Base table or view not found: 1146 Table 'dbdelfhoorjeuh.contacts' doesn't exist
2025-06-22 07:08:45 - Select query failed: SQLSTATE[42S02]: Base table or view not found: 1146 Table 'dbdelfhoorjeuh.jobs' doesn't exist
2025-06-22 07:08:45 - Select query failed: SQLSTATE[42S02]: Base table or view not found: 1146 Table 'dbdelfhoorjeuh.bookings' doesn't exist
2025-06-22 07:08:45 - Select query failed: SQLSTATE[42S02]: Base table or view not found: 1146 Table 'dbdelfhoorjeuh.contacts' doesn't exist
2025-06-22 07:08:45 - Select query failed: SQLSTATE[42S02]: Base table or view not found: 1146 Table 'dbdelfhoorjeuh.jobs' doesn't exist
2025-06-22 07:08:45 - SelectOne query failed: SQLSTATE[42S02]: Base table or view not found: 1146 Table 'dbdelfhoorjeuh.settings' doesn't exist
2025-06-22 07:08:45 - SelectOne query failed: SQLSTATE[42S02]: Base table or view not found: 1146 Table 'dbdelfhoorjeuh.contacts' doesn't exist
2025-06-22 07:08:45 - SelectOne query failed: SQLSTATE[42S02]: Base table or view not found: 1146 Table 'dbdelfhoorjeuh.bookings' doesn't exist
2025-06-22 07:08:45 - SelectOne query failed: SQLSTATE[42S02]: Base table or view not found: 1146 Table 'dbdelfhoorjeuh.contacts' doesn't exist
2025-06-22 07:08:45 - SelectOne query failed: SQLSTATE[42S02]: Base table or view not found: 1146 Table 'dbdelfhoorjeuh.jobs' doesn't exist
2025-06-22 07:10:40 - SelectOne query failed: SQLSTATE[42S02]: Base table or view not found: 1146 Table 'dbdelfhoorjeuh.jobs' doesn't exist
2025-06-22 07:10:40 - SelectOne query failed: SQLSTATE[42S02]: Base table or view not found: 1146 Table 'dbdelfhoorjeuh.jobs' doesn't exist
2025-06-22 07:10:40 - SelectOne query failed: SQLSTATE[42S02]: Base table or view not found: 1146 Table 'dbdelfhoorjeuh.bookings' doesn't exist
2025-06-22 07:10:40 - SelectOne query failed: SQLSTATE[42S02]: Base table or view not found: 1146 Table 'dbdelfhoorjeuh.bookings' doesn't exist
2025-06-22 07:10:40 - SelectOne query failed: SQLSTATE[42S02]: Base table or view not found: 1146 Table 'dbdelfhoorjeuh.contacts' doesn't exist
2025-06-22 07:10:40 - SelectOne query failed: SQLSTATE[42S02]: Base table or view not found: 1146 Table 'dbdelfhoorjeuh.contacts' doesn't exist
2025-06-22 07:10:40 - Select query failed: SQLSTATE[42S02]: Base table or view not found: 1146 Table 'dbdelfhoorjeuh.jobs' doesn't exist
2025-06-22 07:10:40 - Select query failed: SQLSTATE[42S02]: Base table or view not found: 1146 Table 'dbdelfhoorjeuh.bookings' doesn't exist
2025-06-22 07:10:40 - Select query failed: SQLSTATE[42S02]: Base table or view not found: 1146 Table 'dbdelfhoorjeuh.contacts' doesn't exist
2025-06-22 07:10:40 - Select query failed: SQLSTATE[42S02]: Base table or view not found: 1146 Table 'dbdelfhoorjeuh.jobs' doesn't exist
2025-06-22 07:10:40 - SelectOne query failed: SQLSTATE[42S02]: Base table or view not found: 1146 Table 'dbdelfhoorjeuh.settings' doesn't exist
2025-06-22 07:10:40 - SelectOne query failed: SQLSTATE[42S02]: Base table or view not found: 1146 Table 'dbdelfhoorjeuh.contacts' doesn't exist
2025-06-22 07:10:40 - SelectOne query failed: SQLSTATE[42S02]: Base table or view not found: 1146 Table 'dbdelfhoorjeuh.bookings' doesn't exist
2025-06-22 07:10:40 - SelectOne query failed: SQLSTATE[42S02]: Base table or view not found: 1146 Table 'dbdelfhoorjeuh.contacts' doesn't exist
2025-06-22 07:10:40 - SelectOne query failed: SQLSTATE[42S02]: Base table or view not found: 1146 Table 'dbdelfhoorjeuh.jobs' doesn't exist
2025-06-22 07:13:59 - SelectOne query failed: SQLSTATE[42S02]: Base table or view not found: 1146 Table 'dbdelfhoorjeuh.jobs' doesn't exist
2025-06-22 07:13:59 - SelectOne query failed: SQLSTATE[42S02]: Base table or view not found: 1146 Table 'dbdelfhoorjeuh.jobs' doesn't exist
2025-06-22 07:13:59 - SelectOne query failed: SQLSTATE[42S02]: Base table or view not found: 1146 Table 'dbdelfhoorjeuh.bookings' doesn't exist
2025-06-22 07:13:59 - SelectOne query failed: SQLSTATE[42S02]: Base table or view not found: 1146 Table 'dbdelfhoorjeuh.bookings' doesn't exist
2025-06-22 07:13:59 - SelectOne query failed: SQLSTATE[42S02]: Base table or view not found: 1146 Table 'dbdelfhoorjeuh.contacts' doesn't exist
2025-06-22 07:13:59 - SelectOne query failed: SQLSTATE[42S02]: Base table or view not found: 1146 Table 'dbdelfhoorjeuh.contacts' doesn't exist
2025-06-22 07:13:59 - Select query failed: SQLSTATE[42S02]: Base table or view not found: 1146 Table 'dbdelfhoorjeuh.jobs' doesn't exist
2025-06-22 07:13:59 - Select query failed: SQLSTATE[42S02]: Base table or view not found: 1146 Table 'dbdelfhoorjeuh.bookings' doesn't exist
2025-06-22 07:13:59 - Select query failed: SQLSTATE[42S02]: Base table or view not found: 1146 Table 'dbdelfhoorjeuh.contacts' doesn't exist
2025-06-22 07:13:59 - Select query failed: SQLSTATE[42S02]: Base table or view not found: 1146 Table 'dbdelfhoorjeuh.jobs' doesn't exist
2025-06-22 07:13:59 - SelectOne query failed: SQLSTATE[42S02]: Base table or view not found: 1146 Table 'dbdelfhoorjeuh.settings' doesn't exist
2025-06-22 07:13:59 - SelectOne query failed: SQLSTATE[42S02]: Base table or view not found: 1146 Table 'dbdelfhoorjeuh.contacts' doesn't exist
2025-06-22 07:13:59 - SelectOne query failed: SQLSTATE[42S02]: Base table or view not found: 1146 Table 'dbdelfhoorjeuh.bookings' doesn't exist
2025-06-22 07:13:59 - SelectOne query failed: SQLSTATE[42S02]: Base table or view not found: 1146 Table 'dbdelfhoorjeuh.contacts' doesn't exist
2025-06-22 07:13:59 - SelectOne query failed: SQLSTATE[42S02]: Base table or view not found: 1146 Table 'dbdelfhoorjeuh.jobs' doesn't exist
2025-06-22 08:35:34 - Admin logout: admin
